npm verbose cli C:\Program Files\nodejs\node.exe C:\Users\lua.silveira\AppData\Roaming\npm\node_modules\npm\bin\npm-cli.js
npm info using npm@10.8.1
npm info using node@v20.12.2
npm verbose title npm install
npm verbose argv "install" "--legacy-peer-deps" "--loglevel" "verbose"
npm verbose logfile logs-max:10 dir:C:\Users\lua.silveira\AppData\Local\npm-cache\_logs\2024-07-23T13_31_43_804Z-
npm verbose logfile C:\Users\lua.silveira\AppData\Local\npm-cache\_logs\2024-07-23T13_31_43_804Z-debug-0.log
npm http fetch GET 200 https://registry.npmjs.org/@faker-js%2ffaker 273ms (cache revalidated)
npm http fetch GET 200 https://registry.npmjs.org/cypress-mochawesome-reporter 663ms (cache revalidated)
npm http fetch GET 200 https://registry.npmjs.org/browserstack-cypress-cli 278ms (cache updated)
npm http fetch GET 200 https://registry.npmjs.org/cypress 71ms (cache revalidated)
npm http fetch GET 200 https://registry.npmjs.org/glob 59ms (cache revalidated)
npm http fetch GET 200 https://registry.npmjs.org/uuid 149ms (cache revalidated)
npm http fetch GET 200 https://registry.npmjs.org/yargs 157ms (cache revalidated)
npm http fetch GET 200 https://registry.npmjs.org/async 169ms (cache revalidated)
npm http fetch GET 200 https://registry.npmjs.org/table 174ms (cache revalidated)
npm http fetch GET 200 https://registry.npmjs.org/chalk 183ms (cache revalidated)
npm http fetch GET 200 https://registry.npmjs.org/mocha 195ms (cache revalidated)
npm http fetch GET 200 https://registry.npmjs.org/mkdirp 81ms (cache revalidated)
npm http fetch GET 200 https://registry.npmjs.org/request 81ms (cache revalidated)
npm http fetch GET 200 https://registry.npmjs.org/archiver 99ms (cache revalidated)
npm http fetch GET 200 https://registry.npmjs.org/winston 113ms (cache revalidated)
npm http fetch GET 200 https://registry.npmjs.org/decompress 57ms (cache revalidated)
npm http fetch GET 200 https://registry.npmjs.org/fs-extra 110ms (cache revalidated)
npm http fetch GET 200 https://registry.npmjs.org/cli-progress 57ms (cache revalidated)
npm http fetch GET 200 https://registry.npmjs.org/git-repo-info 64ms (cache revalidated)
npm http fetch GET 200 https://registry.npmjs.org/update-notifier 63ms (cache revalidated)
npm http fetch GET 200 https://registry.npmjs.org/getmac 653ms (cache revalidated)
npm http fetch GET 200 https://registry.npmjs.org/tmp 49ms (cache revalidated)
npm http fetch GET 200 https://registry.npmjs.org/arch 64ms (cache revalidated)
npm http fetch GET 200 https://registry.npmjs.org/dayjs 54ms (cache revalidated)
npm http fetch GET 200 https://registry.npmjs.org/node-ipc 691ms (cache revalidated)
npm http fetch GET 200 https://registry.npmjs.org/requestretry 644ms (cache revalidated)
npm http fetch GET 200 https://registry.npmjs.org/debug 53ms (cache revalidated)
npm http fetch GET 200 https://registry.npmjs.org/getos 48ms (cache revalidated)
npm http fetch GET 200 https://registry.npmjs.org/execa 57ms (cache revalidated)
npm http fetch GET 200 https://registry.npmjs.org/git-last-commit 681ms (cache revalidated)
npm http fetch GET 200 https://registry.npmjs.org/is-ci 50ms (cache revalidated)
npm http fetch GET 200 https://registry.npmjs.org/gitconfiglocal 723ms (cache revalidated)
npm http fetch GET 200 https://registry.npmjs.org/windows-release 668ms (cache revalidated)
npm http fetch GET 200 https://registry.npmjs.org/yauzl 54ms (cache revalidated)
npm http fetch GET 200 https://registry.npmjs.org/buffer 54ms (cache revalidated)
npm http fetch GET 200 https://registry.npmjs.org/listr2 66ms (cache revalidated)
npm http fetch GET 200 https://registry.npmjs.org/browserstack-local 687ms (cache revalidated)
npm http fetch GET 200 https://registry.npmjs.org/lodash 57ms (cache revalidated)
npm http fetch GET 200 https://registry.npmjs.org/ospath 59ms (cache revalidated)
npm http fetch GET 200 https://registry.npmjs.org/process 51ms (cache revalidated)
npm http fetch GET 200 https://registry.npmjs.org/figures 57ms (cache revalidated)
npm http fetch GET 200 https://registry.npmjs.org/semver 68ms (cache revalidated)
npm http fetch GET 200 https://registry.npmjs.org/bluebird 73ms (cache revalidated)
npm http fetch GET 200 https://registry.npmjs.org/cachedir 69ms (cache revalidated)
npm http fetch GET 200 https://registry.npmjs.org/enquirer 73ms (cache revalidated)
npm http fetch GET 200 https://registry.npmjs.org/minimist 61ms (cache revalidated)
npm http fetch GET 200 https://registry.npmjs.org/lazy-ass 69ms (cache revalidated)
npm http fetch GET 200 https://registry.npmjs.org/blob-util 66ms (cache revalidated)
npm http fetch GET 200 https://registry.npmjs.org/commander 69ms (cache revalidated)
npm http fetch GET 200 https://registry.npmjs.org/untildify 111ms (cache revalidated)
npm http fetch GET 200 https://registry.npmjs.org/cli-table3 102ms (cache revalidated)
npm http fetch GET 200 https://registry.npmjs.org/cli-cursor 115ms (cache revalidated)
npm http fetch GET 200 https://registry.npmjs.org/executable 103ms (cache revalidated)
npm http fetch GET 200 https://registry.npmjs.org/log-symbols 81ms (cache revalidated)
npm http fetch GET 200 https://registry.npmjs.org/common-tags 108ms (cache revalidated)
npm http fetch GET 200 https://registry.npmjs.org/extract-zip 105ms (cache revalidated)
npm http fetch GET 200 https://registry.npmjs.org/pretty-bytes 83ms (cache revalidated)
npm http fetch GET 200 https://registry.npmjs.org/proxy-from-env 73ms (cache revalidated)
npm http fetch GET 200 https://registry.npmjs.org/supports-color 72ms (cache revalidated)
npm http fetch GET 200 https://registry.npmjs.org/@types%2fsizzle 90ms (cache revalidated)
npm http fetch GET 200 https://registry.npmjs.org/eventemitter2 93ms (cache revalidated)
npm http fetch GET 200 https://registry.npmjs.org/@cypress%2fxvfb 112ms (cache revalidated)
npm http fetch GET 200 https://registry.npmjs.org/@cypress%2frequest 101ms (cache revalidated)
npm http fetch GET 200 https://registry.npmjs.org/request-progress 67ms (cache revalidated)
npm http fetch GET 200 https://registry.npmjs.org/is-installed-globally 72ms (cache revalidated)
npm http fetch GET 200 https://registry.npmjs.org/check-more-types 84ms (cache revalidated)
npm http fetch GET 200 https://registry.npmjs.org/@types%2fsinonjs__fake-timers 74ms (cache revalidated)
npm http fetch GET 200 https://registry.npmjs.org/mochawesome-report-generator 638ms (cache revalidated)
npm http fetch GET 200 https://registry.npmjs.org/mochawesome-merge 653ms (cache revalidated)
npm http fetch GET 200 https://registry.npmjs.org/mochawesome 710ms (cache revalidated)
npm http fetch GET 200 https://registry.npmjs.org/readdir-glob 65ms (cache revalidated)
npm http fetch GET 200 https://registry.npmjs.org/buffer-crc32 69ms (cache revalidated)
npm http fetch GET 200 https://registry.npmjs.org/archiver-utils 79ms (cache revalidated)
npm http fetch GET 200 https://registry.npmjs.org/readable-stream 81ms (cache revalidated)
npm http fetch GET 200 https://registry.npmjs.org/zip-stream 83ms (cache revalidated)
npm http fetch GET 200 https://registry.npmjs.org/tar-stream 87ms (cache revalidated)
npm http fetch GET 200 https://registry.npmjs.org/https-proxy-agent 89ms (cache revalidated)
npm http fetch GET 200 https://registry.npmjs.org/ps-tree 84ms (cache revalidated)
npm http fetch GET 200 https://registry.npmjs.org/ansi-styles 72ms (cache revalidated)
npm http fetch GET 200 https://registry.npmjs.org/decompress-tar 69ms (cache revalidated)
npm http fetch GET 200 https://registry.npmjs.org/agent-base 82ms (cache revalidated)
npm http fetch GET 200 https://registry.npmjs.org/string-width 89ms (cache revalidated)
npm http fetch GET 200 https://registry.npmjs.org/decompress-targz 60ms (cache revalidated)
npm http fetch GET 200 https://registry.npmjs.org/decompress-tarbz2 68ms (cache revalidated)
npm http fetch GET 200 https://registry.npmjs.org/graceful-fs 61ms (cache revalidated)
npm http fetch GET 200 https://registry.npmjs.org/decompress-unzip 75ms (cache revalidated)
npm http fetch GET 200 https://registry.npmjs.org/make-dir 67ms (cache revalidated)
npm http fetch GET 200 https://registry.npmjs.org/pify 60ms (cache revalidated)
npm http fetch GET 200 https://registry.npmjs.org/universalify 54ms (cache revalidated)
npm http fetch GET 200 https://registry.npmjs.org/strip-dirs 70ms (cache revalidated)
npm http fetch GET 200 https://registry.npmjs.org/jsonfile 66ms (cache revalidated)
npm http fetch GET 200 https://registry.npmjs.org/@types%2fnode 88ms (cache revalidated)
npm http fetch GET 200 https://registry.npmjs.org/is-running 373ms (cache revalidated)
npm http fetch GET 200 https://registry.npmjs.org/once 147ms (cache revalidated)
npm http fetch GET 200 https://registry.npmjs.org/ini 159ms (cache revalidated)
npm http fetch GET 200 https://registry.npmjs.org/inherits 148ms (cache revalidated)
npm http fetch GET 200 https://registry.npmjs.org/inflight 152ms (cache revalidated)
npm http fetch GET 200 https://registry.npmjs.org/ansi-colors 62ms (cache revalidated)
npm http fetch GET 200 https://registry.npmjs.org/path-is-absolute 67ms (cache revalidated)
npm http fetch GET 200 https://registry.npmjs.org/minimatch 86ms (cache revalidated)
npm http fetch GET 200 https://registry.npmjs.org/browser-stdout 75ms (cache revalidated)
npm http fetch GET 200 https://registry.npmjs.org/fs.realpath 85ms (cache revalidated)
npm http fetch GET 200 https://registry.npmjs.org/chokidar 77ms (cache revalidated)
npm http fetch GET 200 https://registry.npmjs.org/escape-string-regexp 72ms (cache revalidated)
npm http fetch GET 200 https://registry.npmjs.org/diff 80ms (cache revalidated)
npm http fetch GET 200 https://registry.npmjs.org/ms 70ms (cache revalidated)
npm http fetch GET 200 https://registry.npmjs.org/js-yaml 79ms (cache revalidated)
npm http fetch GET 200 https://registry.npmjs.org/he 84ms (cache revalidated)
npm http fetch GET 200 https://registry.npmjs.org/find-up 95ms (cache revalidated)
npm http fetch GET 200 https://registry.npmjs.org/yargs 22ms (cache hit)
npm http fetch GET 200 https://registry.npmjs.org/serialize-javascript 61ms (cache revalidated)
npm http fetch GET 200 https://registry.npmjs.org/yargs-unparser 65ms (cache revalidated)
npm http fetch GET 200 https://registry.npmjs.org/strip-json-comments 85ms (cache revalidated)
npm http fetch GET 200 https://registry.npmjs.org/yargs-parser 73ms (cache revalidated)
npm http fetch GET 200 https://registry.npmjs.org/workerpool 89ms (cache revalidated)
npm http fetch GET 200 https://registry.npmjs.org/event-pubsub 72ms (cache revalidated)
npm http fetch GET 200 https://registry.npmjs.org/js-message 71ms (cache revalidated)
npm http fetch GET 200 https://registry.npmjs.org/temp-fs 666ms (cache revalidated)
npm http fetch GET 200 https://registry.npmjs.org/js-queue 70ms (cache revalidated)
npm http fetch GET 200 https://registry.npmjs.org/aws4 65ms (cache revalidated)
npm http fetch GET 200 https://registry.npmjs.org/caseless 63ms (cache revalidated)
npm http fetch GET 200 https://registry.npmjs.org/aws-sign2 84ms (cache revalidated)
npm http fetch GET 200 https://registry.npmjs.org/extend 59ms (cache revalidated)
npm http fetch GET 200 https://registry.npmjs.org/combined-stream 69ms (cache revalidated)
npm http fetch GET 200 https://registry.npmjs.org/forever-agent 69ms (cache revalidated)
npm http fetch GET 200 https://registry.npmjs.org/har-validator 62ms (cache revalidated)
npm http fetch GET 200 https://registry.npmjs.org/form-data 77ms (cache revalidated)
npm http fetch GET 200 https://registry.npmjs.org/http-signature 70ms (cache revalidated)
npm http fetch GET 200 https://registry.npmjs.org/json-stringify-safe 54ms (cache revalidated)
npm http fetch GET 200 https://registry.npmjs.org/is-typedarray 79ms (cache revalidated)
npm http fetch GET 200 https://registry.npmjs.org/isstream 70ms (cache revalidated)
npm http fetch GET 200 https://registry.npmjs.org/performance-now 76ms (cache revalidated)
npm http fetch GET 200 https://registry.npmjs.org/mime-types 95ms (cache revalidated)
npm http fetch GET 200 https://registry.npmjs.org/safe-buffer 69ms (cache revalidated)
npm http fetch GET 200 https://registry.npmjs.org/qs 84ms (cache revalidated)
npm http fetch GET 200 https://registry.npmjs.org/tough-cookie 83ms (cache revalidated)
npm http fetch GET 200 https://registry.npmjs.org/oauth-sign 146ms (cache revalidated)
npm http fetch GET 200 https://registry.npmjs.org/boxen 62ms (cache revalidated)
npm http fetch GET 200 https://registry.npmjs.org/is-npm 59ms (cache revalidated)
npm http fetch GET 200 https://registry.npmjs.org/pupa 87ms (cache revalidated)
npm http fetch GET 200 https://registry.npmjs.org/slice-ansi 90ms (cache revalidated)
npm http fetch GET 200 https://registry.npmjs.org/ajv 119ms (cache revalidated)
npm http fetch GET 200 https://registry.npmjs.org/configstore 57ms (cache revalidated)
npm http fetch GET 200 https://registry.npmjs.org/semver-diff 55ms (cache revalidated)
npm http fetch GET 200 https://registry.npmjs.org/import-lazy 68ms (cache revalidated)
npm http fetch GET 200 https://registry.npmjs.org/xdg-basedir 59ms (cache revalidated)
npm http fetch GET 200 https://registry.npmjs.org/cycle 68ms (cache revalidated)
npm http fetch GET 200 https://registry.npmjs.org/latest-version 92ms (cache revalidated)
npm http fetch GET 200 https://registry.npmjs.org/stack-trace 66ms (cache revalidated)
npm http fetch GET 200 https://registry.npmjs.org/colors 74ms (cache revalidated)
npm http fetch GET 200 https://registry.npmjs.org/y18n 64ms (cache revalidated)
npm http fetch GET 200 https://registry.npmjs.org/cliui 71ms (cache revalidated)
npm http fetch GET 200 https://registry.npmjs.org/decamelize 75ms (cache revalidated)
npm http fetch GET 200 https://registry.npmjs.org/set-blocking 82ms (cache revalidated)
npm http fetch GET 200 https://registry.npmjs.org/which-module 65ms (cache revalidated)
npm http fetch GET 200 https://registry.npmjs.org/require-main-filename 60ms (cache revalidated)
npm http fetch GET 200 https://registry.npmjs.org/require-directory 72ms (cache revalidated)
npm http fetch GET 200 https://registry.npmjs.org/get-caller-file 85ms (cache revalidated)
npm http fetch GET 200 https://registry.npmjs.org/tunnel-agent 633ms (cache revalidated)
npm http fetch GET 200 https://registry.npmjs.org/is-in-ci 646ms (cache revalidated)
npm http fetch GET 200 https://registry.npmjs.org/eyes 717ms (cache revalidated)
npm http fetch GET 200 https://registry.npmjs.org/lodash.difference 60ms (cache revalidated)
npm http fetch GET 200 https://registry.npmjs.org/normalize-path 61ms (cache revalidated)
npm http fetch GET 200 https://registry.npmjs.org/lodash.union 63ms (cache revalidated)
npm http fetch GET 200 https://registry.npmjs.org/lodash.defaults 67ms (cache revalidated)
npm http fetch GET 200 https://registry.npmjs.org/lodash.flatten 70ms (cache revalidated)
npm http fetch GET 200 https://registry.npmjs.org/lazystream 78ms (cache revalidated)
npm http fetch GET 200 https://registry.npmjs.org/lodash.isplainobject 81ms (cache revalidated)
npm http fetch GET 200 https://registry.npmjs.org/string_decoder 64ms (cache revalidated)
npm http fetch GET 200 https://registry.npmjs.org/end-of-stream 60ms (cache revalidated)
npm http fetch GET 200 https://registry.npmjs.org/bl 65ms (cache revalidated)
npm http fetch GET 200 https://registry.npmjs.org/util-deprecate 72ms (cache revalidated)
npm http fetch GET 200 https://registry.npmjs.org/compress-commons 73ms (cache revalidated)
npm http fetch GET 200 https://registry.npmjs.org/fs-constants 665ms (cache revalidated)
npm http fetch GET 200 https://registry.npmjs.org/isarray 52ms (cache revalidated)
npm http fetch GET 200 https://registry.npmjs.org/core-util-is 61ms (cache revalidated)
npm http fetch GET 200 https://registry.npmjs.org/process-nextick-args 61ms (cache revalidated)
npm http fetch GET 200 https://registry.npmjs.org/rimraf 64ms (cache revalidated)
npm http fetch GET 200 https://registry.npmjs.org/event-stream 72ms (cache revalidated)
npm http fetch GET 200 https://registry.npmjs.org/has-flag 49ms (cache revalidated)
npm http fetch GET 200 https://registry.npmjs.org/color-convert 67ms (cache revalidated)
npm http fetch GET 200 https://registry.npmjs.org/color-name 50ms (cache revalidated)
npm http fetch GET 200 https://registry.npmjs.org/is-fullwidth-code-point 56ms (cache revalidated)
npm http fetch GET 200 https://registry.npmjs.org/emoji-regex 61ms (cache revalidated)
npm http fetch GET 200 https://registry.npmjs.org/strip-ansi 64ms (cache revalidated)
npm http fetch GET 200 https://registry.npmjs.org/ieee754 64ms (cache revalidated)
npm http fetch GET 200 https://registry.npmjs.org/is-stream 63ms (cache revalidated)
npm http fetch GET 200 https://registry.npmjs.org/base64-js 69ms (cache revalidated)
npm http fetch GET 200 https://registry.npmjs.org/onetime 68ms (cache revalidated)
npm http fetch GET 200 https://registry.npmjs.org/restore-cursor 74ms (cache revalidated)
npm http fetch GET 200 https://registry.npmjs.org/lodash.once 79ms (cache revalidated)
npm http fetch GET 200 https://registry.npmjs.org/@colors%2fcolors 112ms (cache revalidated)
npm http fetch GET 200 https://registry.npmjs.org/cross-spawn 58ms (cache revalidated)
npm http fetch GET 200 https://registry.npmjs.org/get-stream 62ms (cache revalidated)
npm http fetch GET 200 https://registry.npmjs.org/merge-stream 61ms (cache revalidated)
npm http fetch GET 200 https://registry.npmjs.org/npm-run-path 59ms (cache revalidated)
npm http fetch GET 200 https://registry.npmjs.org/human-signals 60ms (cache revalidated)
npm http fetch GET 200 https://registry.npmjs.org/get-stream 13ms (cache hit)
npm http fetch GET 200 https://registry.npmjs.org/signal-exit 74ms (cache revalidated)
npm http fetch GET 200 https://registry.npmjs.org/strip-final-newline 63ms (cache revalidated)
npm http fetch GET 200 https://registry.npmjs.org/at-least-node 53ms (cache revalidated)
npm http fetch GET 200 https://registry.npmjs.org/@types%2fyauzl 63ms (cache revalidated)
npm http fetch GET 200 https://registry.npmjs.org/global-dirs 56ms (cache revalidated)
npm http fetch GET 200 https://registry.npmjs.org/is-path-inside 58ms (cache revalidated)
npm http fetch GET 200 https://registry.npmjs.org/rfdc 61ms (cache revalidated)
npm http fetch GET 200 https://registry.npmjs.org/through 51ms (cache revalidated)
npm http fetch GET 200 https://registry.npmjs.org/rxjs 68ms (cache revalidated)
npm http fetch GET 200 https://registry.npmjs.org/p-map 66ms (cache revalidated)
npm http fetch GET 200 https://registry.npmjs.org/colorette 68ms (cache revalidated)
npm http fetch GET 200 https://registry.npmjs.org/log-update 58ms (cache revalidated)
npm http fetch GET 200 https://registry.npmjs.org/wrap-ansi 66ms (cache revalidated)
npm http fetch GET 200 https://registry.npmjs.org/throttleit 58ms (cache revalidated)
npm http fetch GET 200 https://registry.npmjs.org/is-unicode-supported 62ms (cache revalidated)
npm http fetch GET 200 https://registry.npmjs.org/cli-truncate 73ms (cache revalidated)
npm http fetch GET 200 https://registry.npmjs.org/fd-slicer 62ms (cache revalidated)
npm http fetch GET 200 https://registry.npmjs.org/ci-info 637ms (cache revalidated)
npm http fetch GET 200 https://registry.npmjs.org/side-channel 61ms (cache revalidated)
npm http fetch GET 200 https://registry.npmjs.org/delayed-stream 69ms (cache revalidated)
npm http fetch GET 200 https://registry.npmjs.org/jsprim 70ms (cache revalidated)
npm http fetch GET 200 https://registry.npmjs.org/sshpk 71ms (cache revalidated)
npm http fetch GET 200 https://registry.npmjs.org/asynckit 74ms (cache revalidated)
npm http fetch GET 200 https://registry.npmjs.org/mime-db 75ms (cache revalidated)
npm http fetch GET 200 https://registry.npmjs.org/punycode 71ms (cache revalidated)
npm http fetch GET 200 https://registry.npmjs.org/psl 77ms (cache revalidated)
npm http fetch GET 200 https://registry.npmjs.org/url-parse 72ms (cache revalidated)
npm http fetch GET 200 https://registry.npmjs.org/assert-plus 680ms (cache revalidated)
npm http fetch GET 200 https://registry.npmjs.org/yargs 20ms (cache hit)
npm http fetch GET 200 https://registry.npmjs.org/lodash.isfunction 57ms (cache revalidated)
npm http fetch GET 200 https://registry.npmjs.org/escape-html 64ms (cache revalidated)
npm http fetch GET 200 https://registry.npmjs.org/lodash.isstring 68ms (cache revalidated)
npm http fetch GET 200 https://registry.npmjs.org/lodash.isempty 79ms (cache revalidated)
npm http fetch GET 200 https://registry.npmjs.org/lodash.isobject 80ms (cache revalidated)
npm http fetch GET 200 https://registry.npmjs.org/dateformat 78ms (cache revalidated)
npm http fetch GET 200 https://registry.npmjs.org/yargs 11ms (cache hit)
npm http fetch GET 200 https://registry.npmjs.org/opener 57ms (cache revalidated)
npm http fetch GET 200 https://registry.npmjs.org/prop-types 63ms (cache revalidated)
npm http fetch GET 200 https://registry.npmjs.org/tcomb 64ms (cache revalidated)
npm http fetch GET 200 https://registry.npmjs.org/validator 65ms (cache revalidated)
npm http fetch GET 200 https://registry.npmjs.org/fsu 646ms (cache revalidated)
npm http fetch GET 200 https://registry.npmjs.org/tcomb-validation 714ms (cache revalidated)
npm http fetch GET 200 https://registry.npmjs.org/seek-bzip 95ms (cache revalidated)
npm http fetch GET 200 https://registry.npmjs.org/unbzip2-stream 110ms (cache revalidated)
npm http fetch GET 200 https://registry.npmjs.org/is-natural-number 108ms (cache revalidated)
npm http fetch GET 200 https://registry.npmjs.org/file-type 725ms (cache updated)
npm http fetch GET 200 https://registry.npmjs.org/file-type 737ms (cache updated)
npm http fetch GET 200 https://registry.npmjs.org/file-type 739ms (cache updated)
npm http fetch GET 200 https://registry.npmjs.org/file-type 776ms (cache updated)
npm http fetch GET 200 https://registry.npmjs.org/xtend 56ms (cache revalidated)
npm http fetch GET 200 https://registry.npmjs.org/buffer-alloc 64ms (cache revalidated)
npm http fetch GET 200 https://registry.npmjs.org/to-buffer 64ms (cache revalidated)
npm http fetch GET 200 https://registry.npmjs.org/object-assign 54ms (cache revalidated)
npm http fetch GET 200 https://registry.npmjs.org/pinkie-promise 75ms (cache revalidated)
npm http fetch GET 200 https://registry.npmjs.org/ansi-regex 64ms (cache revalidated)
npm http fetch GET 200 https://registry.npmjs.org/path-key 59ms (cache revalidated)
npm http fetch GET 200 https://registry.npmjs.org/path-key 67ms (cache revalidated)
npm http fetch GET 200 https://registry.npmjs.org/which 68ms (cache revalidated)
npm http fetch GET 200 https://registry.npmjs.org/pump 69ms (cache revalidated)
npm http fetch GET 200 https://registry.npmjs.org/mimic-fn 73ms (cache revalidated)
npm http fetch GET 200 https://registry.npmjs.org/shebang-command 76ms (cache revalidated)
npm http fetch GET 200 https://registry.npmjs.org/shebang-regex 65ms (cache revalidated)
npm http fetch GET 200 https://registry.npmjs.org/isexe 83ms (cache revalidated)
npm http fetch GET 200 https://registry.npmjs.org/@types%2fnode 37ms (cache hit)
npm http fetch GET 200 https://registry.npmjs.org/undici-types 60ms (cache updated)
npm http fetch GET 200 https://registry.npmjs.org/pinkie 62ms (cache revalidated)
npm http fetch GET 200 https://registry.npmjs.org/brace-expansion 57ms (cache revalidated)
npm http fetch GET 200 https://registry.npmjs.org/wrappy 64ms (cache revalidated)
npm http fetch GET 200 https://registry.npmjs.org/wrappy 65ms (cache revalidated)
npm http fetch GET 200 https://registry.npmjs.org/asn1 51ms (cache revalidated)
npm http fetch GET 200 https://registry.npmjs.org/verror 62ms (cache revalidated)
npm http fetch GET 200 https://registry.npmjs.org/getpass 65ms (cache revalidated)
npm http fetch GET 200 https://registry.npmjs.org/extsprintf 71ms (cache revalidated)
npm http fetch GET 200 https://registry.npmjs.org/json-schema 75ms (cache revalidated)
npm http fetch GET 200 https://registry.npmjs.org/dashdash 74ms (cache revalidated)
npm http fetch GET 200 https://registry.npmjs.org/safer-buffer 75ms (cache revalidated)
npm http fetch GET 200 https://registry.npmjs.org/jsbn 45ms (cache revalidated)
npm http fetch GET 200 https://registry.npmjs.org/bcrypt-pbkdf 58ms (cache revalidated)
npm http fetch GET 200 https://registry.npmjs.org/ecc-jsbn 61ms (cache revalidated)
npm http fetch GET 200 https://registry.npmjs.org/tweetnacl 65ms (cache revalidated)
npm http fetch GET 200 https://registry.npmjs.org/tslib 53ms (cache revalidated)
npm http fetch GET 200 https://registry.npmjs.org/aggregate-error 68ms (cache revalidated)
npm http fetch GET 200 https://registry.npmjs.org/ansi-escapes 73ms (cache revalidated)
npm http fetch GET 200 https://registry.npmjs.org/astral-regex 61ms (cache revalidated)
npm http fetch GET 200 https://registry.npmjs.org/type-fest 71ms (cache updated)
npm http fetch GET 200 https://registry.npmjs.org/balanced-match 64ms (cache revalidated)
npm http fetch GET 200 https://registry.npmjs.org/concat-map 64ms (cache revalidated)
npm http fetch GET 200 https://registry.npmjs.org/glob-parent 76ms (cache revalidated)
npm http fetch GET 200 https://registry.npmjs.org/braces 77ms (cache revalidated)
npm http fetch GET 200 https://registry.npmjs.org/anymatch 80ms (cache revalidated)
npm http fetch GET 200 https://registry.npmjs.org/readdirp 80ms (cache revalidated)
npm http fetch GET 200 https://registry.npmjs.org/is-binary-path 83ms (cache revalidated)
npm http fetch GET 200 https://registry.npmjs.org/fsevents 87ms (cache revalidated)
npm http fetch GET 200 https://registry.npmjs.org/is-glob 104ms (cache revalidated)
npm http fetch GET 200 https://registry.npmjs.org/randombytes 72ms (cache revalidated)
npm http fetch GET 200 https://registry.npmjs.org/escalade 83ms (cache revalidated)
npm http fetch GET 200 https://registry.npmjs.org/flat 65ms (cache revalidated)
npm http fetch GET 200 https://registry.npmjs.org/locate-path 97ms (cache revalidated)
npm http fetch GET 200 https://registry.npmjs.org/argparse 94ms (cache revalidated)
npm http fetch GET 200 https://registry.npmjs.org/path-exists 97ms (cache revalidated)
npm http fetch GET 200 https://registry.npmjs.org/camelcase 81ms (cache revalidated)
npm http fetch GET 200 https://registry.npmjs.org/is-plain-obj 72ms (cache revalidated)
npm http fetch GET 200 https://registry.npmjs.org/picomatch 55ms (cache revalidated)
npm http fetch GET 200 https://registry.npmjs.org/fill-range 59ms (cache revalidated)
npm http fetch GET 200 https://registry.npmjs.org/picomatch 69ms (cache revalidated)
npm http fetch GET 200 https://registry.npmjs.org/binary-extensions 71ms (cache revalidated)
npm http fetch GET 200 https://registry.npmjs.org/is-extglob 73ms (cache revalidated)
npm http fetch GET 200 https://registry.npmjs.org/to-regex-range 59ms (cache revalidated)
npm http fetch GET 200 https://registry.npmjs.org/is-number 58ms (cache revalidated)
npm http fetch GET 200 https://registry.npmjs.org/p-locate 49ms (cache revalidated)
npm http fetch GET 200 https://registry.npmjs.org/p-limit 66ms (cache revalidated)
npm http fetch GET 200 https://registry.npmjs.org/loose-envify 81ms (cache revalidated)
npm http fetch GET 200 https://registry.npmjs.org/react-is 129ms (cache updated)
npm http fetch GET 200 https://registry.npmjs.org/easy-stack 54ms (cache revalidated)
npm http fetch GET 200 https://registry.npmjs.org/yocto-queue 77ms (cache revalidated)
npm http fetch GET 200 https://registry.npmjs.org/indent-string 52ms (cache revalidated)
npm http fetch GET 200 https://registry.npmjs.org/clean-stack 667ms (cache revalidated)
npm http fetch GET 200 https://registry.npmjs.org/js-tokens 54ms (cache revalidated)
npm http fetch GET 200 https://registry.npmjs.org/stream-combiner 60ms (cache revalidated)
npm http fetch GET 200 https://registry.npmjs.org/from 68ms (cache revalidated)
npm http fetch GET 200 https://registry.npmjs.org/split 72ms (cache revalidated)
npm http fetch GET 200 https://registry.npmjs.org/duplexer 77ms (cache revalidated)
npm http fetch GET 200 https://registry.npmjs.org/map-stream 78ms (cache revalidated)
npm http fetch GET 200 https://registry.npmjs.org/pause-stream 82ms (cache revalidated)
npm http fetch GET 200 https://registry.npmjs.org/es-errors 52ms (cache revalidated)
npm http fetch GET 200 https://registry.npmjs.org/call-bind 60ms (cache revalidated)
npm http fetch GET 200 https://registry.npmjs.org/object-inspect 59ms (cache revalidated)
npm http fetch GET 200 https://registry.npmjs.org/get-intrinsic 66ms (cache revalidated)
npm http fetch GET 200 https://registry.npmjs.org/ajv 8ms (cache hit)
npm http fetch GET 200 https://registry.npmjs.org/har-schema 52ms (cache revalidated)
npm http fetch GET 200 https://registry.npmjs.org/fast-deep-equal 59ms (cache revalidated)
npm http fetch GET 200 https://registry.npmjs.org/fast-json-stable-stringify 66ms (cache revalidated)
npm http fetch GET 200 https://registry.npmjs.org/json-schema-traverse 67ms (cache revalidated)
npm http fetch GET 200 https://registry.npmjs.org/uri-js 70ms (cache revalidated)
npm http fetch GET 200 https://registry.npmjs.org/function-bind 62ms (cache revalidated)
npm http fetch GET 200 https://registry.npmjs.org/function-bind 64ms (cache revalidated)
npm http fetch GET 200 https://registry.npmjs.org/es-define-property 69ms (cache revalidated)
npm http fetch GET 200 https://registry.npmjs.org/hasown 66ms (cache revalidated)
npm http fetch GET 200 https://registry.npmjs.org/set-function-length 107ms (cache revalidated)
npm http fetch GET 200 https://registry.npmjs.org/has-symbols 109ms (cache revalidated)
npm http fetch GET 200 https://registry.npmjs.org/has-proto 112ms (cache revalidated)
npm http fetch GET 200 https://registry.npmjs.org/gopd 54ms (cache revalidated)
npm http fetch GET 200 https://registry.npmjs.org/define-data-property 59ms (cache revalidated)
npm http fetch GET 200 https://registry.npmjs.org/has-property-descriptors 59ms (cache revalidated)
npm http fetch GET 200 https://registry.npmjs.org/requires-port 51ms (cache revalidated)
npm http fetch GET 200 https://registry.npmjs.org/querystringify 60ms (cache revalidated)
npm http fetch GET 200 https://registry.npmjs.org/type-fest 16ms (cache hit)
npm http fetch GET 200 https://registry.npmjs.org/widest-line 53ms (cache revalidated)
npm http fetch GET 200 https://registry.npmjs.org/cli-boxes 61ms (cache revalidated)
npm http fetch GET 200 https://registry.npmjs.org/ansi-align 60ms (cache revalidated)
npm http fetch GET 200 https://registry.npmjs.org/dot-prop 62ms (cache revalidated)
npm http fetch GET 200 https://registry.npmjs.org/unique-string 64ms (cache revalidated)
npm http fetch GET 200 https://registry.npmjs.org/write-file-atomic 66ms (cache revalidated)
npm http fetch GET 200 https://registry.npmjs.org/package-json 68ms (cache revalidated)
npm http fetch GET 200 https://registry.npmjs.org/escape-goat 43ms (cache revalidated)
npm http fetch GET 200 https://registry.npmjs.org/eastasianwidth 64ms (cache revalidated)
npm http fetch GET 200 https://registry.npmjs.org/is-obj 65ms (cache revalidated)
npm http fetch GET 200 https://registry.npmjs.org/crypto-random-string 66ms (cache revalidated)
npm http fetch GET 200 https://registry.npmjs.org/typedarray-to-buffer 67ms (cache revalidated)
npm http fetch GET 200 https://registry.npmjs.org/imurmurhash 634ms (cache revalidated)
npm http fetch GET 200 https://registry.npmjs.org/registry-auth-token 57ms (cache revalidated)
npm http fetch GET 200 https://registry.npmjs.org/got 62ms (cache revalidated)
npm http fetch GET 200 https://registry.npmjs.org/registry-url 74ms (cache revalidated)
npm http fetch GET 200 https://registry.npmjs.org/http2-wrapper 60ms (cache revalidated)
npm http fetch GET 200 https://registry.npmjs.org/lowercase-keys 64ms (cache revalidated)
npm http fetch GET 200 https://registry.npmjs.org/p-cancelable 74ms (cache revalidated)
npm http fetch GET 200 https://registry.npmjs.org/cacheable-lookup 73ms (cache revalidated)
npm http fetch GET 200 https://registry.npmjs.org/cacheable-request 75ms (cache revalidated)
npm http fetch GET 200 https://registry.npmjs.org/responselike 82ms (cache revalidated)
npm http fetch GET 200 https://registry.npmjs.org/@sindresorhus%2fis 111ms (cache revalidated)
npm http fetch GET 200 https://registry.npmjs.org/form-data-encoder 68ms (cache revalidated)
npm http fetch GET 200 https://registry.npmjs.org/decompress-response 72ms (cache revalidated)
npm http fetch GET 200 https://registry.npmjs.org/rc 64ms (cache revalidated)
npm http fetch GET 200 https://registry.npmjs.org/@pnpm%2fnpm-conf 93ms (cache revalidated)
npm http fetch GET 200 https://registry.npmjs.org/@szmarczak%2fhttp-timer 307ms (cache revalidated)
npm http fetch GET 200 https://registry.npmjs.org/http-cache-semantics 59ms (cache revalidated)
npm http fetch GET 200 https://registry.npmjs.org/defer-to-connect 105ms (cache revalidated)
npm http fetch GET 200 https://registry.npmjs.org/mimic-response 102ms (cache revalidated)
npm http fetch GET 200 https://registry.npmjs.org/mimic-response 105ms (cache revalidated)
npm http fetch GET 200 https://registry.npmjs.org/normalize-url 106ms (cache revalidated)
npm http fetch GET 200 https://registry.npmjs.org/@types%2fhttp-cache-semantics 109ms (cache revalidated)
npm http fetch GET 200 https://registry.npmjs.org/quick-lru 74ms (cache revalidated)
npm http fetch GET 200 https://registry.npmjs.org/keyv 157ms (cache revalidated)
npm http fetch GET 200 https://registry.npmjs.org/resolve-alpn 58ms (cache revalidated)
npm http fetch GET 200 https://registry.npmjs.org/json-buffer 65ms (cache revalidated)
npm http fetch GET 200 https://registry.npmjs.org/config-chain 61ms (cache revalidated)
npm http fetch GET 200 https://registry.npmjs.org/@pnpm%2fconfig.env-replace 90ms (cache revalidated)
npm http fetch GET 200 https://registry.npmjs.org/@pnpm%2fnetwork.ca-file 101ms (cache revalidated)
npm http fetch GET 200 https://registry.npmjs.org/proto-list 48ms (cache revalidated)
npm http fetch GET 200 https://registry.npmjs.org/deep-extend 68ms (cache revalidated)
npm http fetch GET 200 https://registry.npmjs.org/pend 56ms (cache revalidated)
npm http fetch GET 200 https://registry.npmjs.org/crc32-stream 54ms (cache revalidated)
npm http fetch GET 200 https://registry.npmjs.org/crc-32 72ms (cache revalidated)
npm http fetch GET 200 https://registry.npmjs.org/buffer-alloc-unsafe 59ms (cache revalidated)
npm http fetch GET 200 https://registry.npmjs.org/buffer-fill 126ms (cache revalidated)
npm http fetch GET 200 https://registry.npmjs.org/p-try 49ms (cache revalidated)
npm verbose reify failed optional dependency C:\Users\lua.silveira\Documents\Estudos\PÓS-GRADUAÇÃO\6 - Automação de testes WEB\automacao-web-pgats\tmpBstackPackages\node_modules\fsevents
npm http fetch POST 200 https://registry.npmjs.org/-/npm/v1/security/advisories/bulk 1087ms
npm warn deprecated inflight@1.0.6: This module is not supported, and leaks memory. Do not use it. Check out lru-cache if you want a good and tested way to coalesce async requests by a key value, which is much more comprehensive and powerful.
npm warn deprecated rimraf@2.5.4: Rimraf versions prior to v4 are no longer supported
npm warn deprecated har-validator@5.1.5: this library is no longer supported
npm warn deprecated glob@7.2.3: Glob versions prior to v9 are no longer supported
npm warn deprecated glob@8.1.0: Glob versions prior to v9 are no longer supported
npm http fetch GET 200 https://registry.npmjs.org/request 999ms (cache revalidated)
npm http fetch GET 200 https://registry.npmjs.org/tough-cookie 1006ms (cache revalidated)
npm warn deprecated uuid@3.4.0: Please upgrade  to version 7 or higher.  Older versions may use Math.random() in certain circumstances, which is known to be problematic.  See https://v8.dev/blog/math-random for details.
npm warn deprecated request@2.88.2: request has been deprecated, see https://github.com/request/request/issues/3142
npm http fetch GET 200 https://registry.npmjs.org/browserstack-cypress-cli 916ms (cache updated)
npm info run cypress@13.13.1 postinstall node_modules/cypress node index.js --exec install
npm info run cypress@13.13.1 postinstall { code: 0, signal: null }

added 501 packages, and audited 502 packages in 41s

96 packages are looking for funding
  run `npm fund` for details

3 moderate severity vulnerabilities

To address all issues (including breaking changes), run:
  npm audit fix --force

Run `npm audit` for details.
npm verbose cwd C:\Users\lua.silveira\Documents\Estudos\PÓS-GRADUAÇÃO\6 - Automação de testes WEB\automacao-web-pgats\tmpBstackPackages
npm verbose os Windows_NT 10.0.22631
npm verbose node v20.12.2
npm verbose npm  v10.8.1
npm verbose exit 0
npm info ok
